{"/Users/weiyinpeng/Documents/personal-area/github/mvp/js-unitTest-coverage/index.js":{"path":"/Users/weiyinpeng/Documents/personal-area/github/mvp/js-unitTest-coverage/index.js","s":{"1":1,"2":0,"3":0,"4":0,"5":1},"b":{"1":[0,0],"2":[0,0]},"f":{"1":0},"fnMap":{"1":{"name":"add","line":1,"loc":{"start":{"line":1,"column":0},"end":{"line":1,"column":19}}}},"statementMap":{"1":{"start":{"line":1,"column":0},"end":{"line":5,"column":1}},"2":{"start":{"line":2,"column":4},"end":{"line":2,"column":15}},"3":{"start":{"line":3,"column":4},"end":{"line":3,"column":15}},"4":{"start":{"line":4,"column":4},"end":{"line":4,"column":17}},"5":{"start":{"line":7,"column":0},"end":{"line":7,"column":21}}},"branchMap":{"1":{"line":2,"type":"binary-expr","locations":[{"start":{"line":2,"column":8},"end":{"line":2,"column":9}},{"start":{"line":2,"column":13},"end":{"line":2,"column":14}}]},"2":{"line":3,"type":"binary-expr","locations":[{"start":{"line":3,"column":8},"end":{"line":3,"column":9}},{"start":{"line":3,"column":13},"end":{"line":3,"column":14}}]}}}}